Start testing: Sep 06 23:51 India Standard Time
----------------------------------------------------------
1/9 Testing: IVFPQIndexTest.TrainAddSearchRerank
1/9 Test: IVFPQIndexTest.TrainAddSearchRerank
Command: "C:/Users/dasra/Desktop/vector-forge/build/tests/vectorforge_tests.exe" "--gtest_filter=IVFPQIndexTest.TrainAddSearchRerank" "--gtest_also_run_disabled_tests"
Directory: C:/Users/dasra/Desktop/vector-forge/build/tests
"IVFPQIndexTest.TrainAddSearchRerank" start time: Sep 06 23:51 India Standard Time
Output:
----------------------------------------------------------
<end of output>
Test time =   8.33 sec
----------------------------------------------------------
Test Failed.
"IVFPQIndexTest.TrainAddSearchRerank" end time: Sep 06 23:52 India Standard Time
"IVFPQIndexTest.TrainAddSearchRerank" time elapsed: 00:00:08
----------------------------------------------------------

2/9 Testing: IVFIndexTest.TrainAddSearchL2
2/9 Test: IVFIndexTest.TrainAddSearchL2
Command: "C:/Users/dasra/Desktop/vector-forge/build/tests/vectorforge_tests.exe" "--gtest_filter=IVFIndexTest.TrainAddSearchL2" "--gtest_also_run_disabled_tests"
Directory: C:/Users/dasra/Desktop/vector-forge/build/tests
"IVFIndexTest.TrainAddSearchL2" start time: Sep 06 23:52 India Standard Time
Output:
----------------------------------------------------------
<end of output>
Test time =   2.60 sec
----------------------------------------------------------
Test Failed.
"IVFIndexTest.TrainAddSearchL2" end time: Sep 06 23:52 India Standard Time
"IVFIndexTest.TrainAddSearchL2" time elapsed: 00:00:02
----------------------------------------------------------

3/9 Testing: StorageTest.SaveAndLoad
3/9 Test: StorageTest.SaveAndLoad
Command: "C:/Users/dasra/Desktop/vector-forge/build/tests/vectorforge_tests.exe" "--gtest_filter=StorageTest.SaveAndLoad" "--gtest_also_run_disabled_tests"
Directory: C:/Users/dasra/Desktop/vector-forge/build/tests
"StorageTest.SaveAndLoad" start time: Sep 06 23:52 India Standard Time
Output:
----------------------------------------------------------
<end of output>
Test time =   1.98 sec
----------------------------------------------------------
Test Failed.
"StorageTest.SaveAndLoad" end time: Sep 06 23:52 India Standard Time
"StorageTest.SaveAndLoad" time elapsed: 00:00:01
----------------------------------------------------------

4/9 Testing: StorageTest.SaveAndLoadMmap
4/9 Test: StorageTest.SaveAndLoadMmap
Command: "C:/Users/dasra/Desktop/vector-forge/build/tests/vectorforge_tests.exe" "--gtest_filter=StorageTest.SaveAndLoadMmap" "--gtest_also_run_disabled_tests"
Directory: C:/Users/dasra/Desktop/vector-forge/build/tests
"StorageTest.SaveAndLoadMmap" start time: Sep 06 23:52 India Standard Time
Output:
----------------------------------------------------------
<end of output>
Test time =   2.00 sec
----------------------------------------------------------
Test Failed.
"StorageTest.SaveAndLoadMmap" end time: Sep 06 23:52 India Standard Time
"StorageTest.SaveAndLoadMmap" time elapsed: 00:00:01
----------------------------------------------------------

5/9 Testing: BruteForceIndexTest.AddAndSearchL2
5/9 Test: BruteForceIndexTest.AddAndSearchL2
Command: "C:/Users/dasra/Desktop/vector-forge/build/tests/vectorforge_tests.exe" "--gtest_filter=BruteForceIndexTest.AddAndSearchL2" "--gtest_also_run_disabled_tests"
Directory: C:/Users/dasra/Desktop/vector-forge/build/tests
"BruteForceIndexTest.AddAndSearchL2" start time: Sep 06 23:52 India Standard Time
Output:
----------------------------------------------------------
<end of output>
Test time =   1.92 sec
----------------------------------------------------------
Test Failed.
"BruteForceIndexTest.AddAndSearchL2" end time: Sep 06 23:52 India Standard Time
"BruteForceIndexTest.AddAndSearchL2" time elapsed: 00:00:01
----------------------------------------------------------

6/9 Testing: BruteForceIndexTest.AddAndSearchCosine
6/9 Test: BruteForceIndexTest.AddAndSearchCosine
Command: "C:/Users/dasra/Desktop/vector-forge/build/tests/vectorforge_tests.exe" "--gtest_filter=BruteForceIndexTest.AddAndSearchCosine" "--gtest_also_run_disabled_tests"
Directory: C:/Users/dasra/Desktop/vector-forge/build/tests
"BruteForceIndexTest.AddAndSearchCosine" start time: Sep 06 23:52 India Standard Time
Output:
----------------------------------------------------------
<end of output>
Test time =   1.61 sec
----------------------------------------------------------
Test Failed.
"BruteForceIndexTest.AddAndSearchCosine" end time: Sep 06 23:52 India Standard Time
"BruteForceIndexTest.AddAndSearchCosine" time elapsed: 00:00:01
----------------------------------------------------------

7/9 Testing: DatasetTest.GenerateHasCorrectDimensions
7/9 Test: DatasetTest.GenerateHasCorrectDimensions
Command: "C:/Users/dasra/Desktop/vector-forge/build/tests/vectorforge_tests.exe" "--gtest_filter=DatasetTest.GenerateHasCorrectDimensions" "--gtest_also_run_disabled_tests"
Directory: C:/Users/dasra/Desktop/vector-forge/build/tests
"DatasetTest.GenerateHasCorrectDimensions" start time: Sep 06 23:52 India Standard Time
Output:
----------------------------------------------------------
<end of output>
Test time =   1.50 sec
----------------------------------------------------------
Test Failed.
"DatasetTest.GenerateHasCorrectDimensions" end time: Sep 06 23:52 India Standard Time
"DatasetTest.GenerateHasCorrectDimensions" time elapsed: 00:00:01
----------------------------------------------------------

8/9 Testing: DatasetTest.DeterministicGeneration
8/9 Test: DatasetTest.DeterministicGeneration
Command: "C:/Users/dasra/Desktop/vector-forge/build/tests/vectorforge_tests.exe" "--gtest_filter=DatasetTest.DeterministicGeneration" "--gtest_also_run_disabled_tests"
Directory: C:/Users/dasra/Desktop/vector-forge/build/tests
"DatasetTest.DeterministicGeneration" start time: Sep 06 23:52 India Standard Time
Output:
----------------------------------------------------------
<end of output>
Test time =   1.42 sec
----------------------------------------------------------
Test Failed.
"DatasetTest.DeterministicGeneration" end time: Sep 06 23:52 India Standard Time
"DatasetTest.DeterministicGeneration" time elapsed: 00:00:01
----------------------------------------------------------

9/9 Testing: DatasetTest.Normalize
9/9 Test: DatasetTest.Normalize
Command: "C:/Users/dasra/Desktop/vector-forge/build/tests/vectorforge_tests.exe" "--gtest_filter=DatasetTest.Normalize" "--gtest_also_run_disabled_tests"
Directory: C:/Users/dasra/Desktop/vector-forge/build/tests
"DatasetTest.Normalize" start time: Sep 06 23:52 India Standard Time
Output:
----------------------------------------------------------
<end of output>
Test time =   1.46 sec
----------------------------------------------------------
Test Failed.
"DatasetTest.Normalize" end time: Sep 06 23:52 India Standard Time
"DatasetTest.Normalize" time elapsed: 00:00:01
----------------------------------------------------------

End testing: Sep 06 23:52 India Standard Time
